[2025-09-18 20:08:04,887] 21 root - INFO - Enter data ingestion stage
[2025-09-18 20:08:05,134] 29 root - INFO - Read the dataset as dataframe
[2025-09-18 20:08:05,134] 34 root - INFO - Merging all the datasets into a single dataset
[2025-09-18 20:08:07,372] 50 root - INFO - Train test split initiated
[2025-09-18 20:08:07,419] 54 root - INFO - train set:         id  week  center_id  meal_id  ...  center_type  op_area   category  cuisine
0  1379560     1         55     1885  ...       TYPE_C      2.0  Beverages     Thai
1  1466964     1         55     1993  ...       TYPE_C      2.0  Beverages     Thai
2  1346989     1         55     2539  ...       TYPE_C      2.0  Beverages     Thai
3  1338232     1         55     2139  ...       TYPE_C      2.0  Beverages   Indian
4  1448490     1         55     2631  ...       TYPE_C      2.0  Beverages   Indian

[5 rows x 15 columns]
[2025-09-18 20:08:07,419] 55 root - INFO - Train set shape: (423727, 15)
[2025-09-18 20:08:07,428] 56 root - INFO - test set:              id  week  center_id  meal_id  ...  center_type  op_area   category  cuisine
423727  1017495   136         55     1885  ...       TYPE_C      2.0  Beverages     Thai
423728  1395634   136         55     1993  ...       TYPE_C      2.0  Beverages     Thai
423729  1007493   136         55     2539  ...       TYPE_C      2.0  Beverages     Thai
423730  1042952   136         55     2631  ...       TYPE_C      2.0  Beverages   Indian
423731  1022147   136         55     1248  ...       TYPE_C      2.0  Beverages   Indian

[5 rows x 15 columns]
[2025-09-18 20:08:07,428] 57 root - INFO - Test set shape: (32821, 15)
[2025-09-18 20:08:09,461] 63 root - INFO - Data Ingestion completed
